2019-02-27 17:55:22 ERROR [main] n.u.n.c.t.MailTestKlass
                [MailTestKlass.java:91] Exception  occurred trying to send a mail
javax.mail.MessagingException: IOException while sending message
	at com.sun.mail.smtp.SMTPTransport.sendMessage(SMTPTransport.java:1308)
	at javax.mail.Transport.send0(Transport.java:255)
	at javax.mail.Transport.send(Transport.java:124)
	at ng.upperlink.nibss.cmms.test.MailTestKlass.sendSimpleMessage(MailTestKlass.java:161)
	at ng.upperlink.nibss.cmms.test.MailTestKlass.doSendMail(MailTestKlass.java:89)
	at ng.upperlink.nibss.cmms.test.MailTestKlass.sendAwarenessMail(MailTestKlass.java:64)
	at ng.upperlink.nibss.cmms.test.MailTestKlass.mailTestSender(MailTestKlass.java:53)
	at ng.upperlink.nibss.cmms.test.MailTestKlass.main(MailTestKlass.java:186)
Caused by: java.io.FileNotFoundException: \var\tmp\image19.png (The system cannot find the path specified)
	at java.io.FileInputStream.open0(Native Method)
	at java.io.FileInputStream.open(FileInputStream.java:195)
	at java.io.FileInputStream.<init>(FileInputStream.java:138)
	at javax.activation.FileDataSource.getInputStream(FileDataSource.java:97)
	at javax.activation.DataHandler.writeTo(DataHandler.java:305)
	at javax.mail.internet.MimeBodyPart.writeTo(MimeBodyPart.java:1652)
	at javax.mail.internet.MimeBodyPart.writeTo(MimeBodyPart.java:961)
	at javax.mail.internet.MimeMultipart.writeTo(MimeMultipart.java:553)
	at com.sun.mail.handlers.multipart_mixed.writeTo(multipart_mixed.java:81)
	at javax.activation.ObjectDataContentHandler.writeTo(DataHandler.java:889)
	at javax.activation.DataHandler.writeTo(DataHandler.java:317)
	at javax.mail.internet.MimeBodyPart.writeTo(MimeBodyPart.java:1652)
	at javax.mail.internet.MimeMessage.writeTo(MimeMessage.java:1850)
	at com.sun.mail.smtp.SMTPTransport.sendMessage(SMTPTransport.java:1259)
	... 7 common frames omitted
2019-02-27 17:56:30 ERROR [main] n.u.n.c.t.MailTestKlass
                [MailTestKlass.java:91] Exception  occurred trying to send a mail
javax.mail.MessagingException: IOException while sending message
	at com.sun.mail.smtp.SMTPTransport.sendMessage(SMTPTransport.java:1308)
	at javax.mail.Transport.send0(Transport.java:255)
	at javax.mail.Transport.send(Transport.java:124)
	at ng.upperlink.nibss.cmms.test.MailTestKlass.sendSimpleMessage(MailTestKlass.java:161)
	at ng.upperlink.nibss.cmms.test.MailTestKlass.doSendMail(MailTestKlass.java:89)
	at ng.upperlink.nibss.cmms.test.MailTestKlass.sendAwarenessMail(MailTestKlass.java:64)
	at ng.upperlink.nibss.cmms.test.MailTestKlass.mailTestSender(MailTestKlass.java:53)
	at ng.upperlink.nibss.cmms.test.MailTestKlass.main(MailTestKlass.java:186)
Caused by: java.io.FileNotFoundException: \var\tmp\image19.png (The system cannot find the path specified)
	at java.io.FileInputStream.open0(Native Method)
	at java.io.FileInputStream.open(FileInputStream.java:195)
	at java.io.FileInputStream.<init>(FileInputStream.java:138)
	at javax.activation.FileDataSource.getInputStream(FileDataSource.java:97)
	at javax.activation.DataHandler.writeTo(DataHandler.java:305)
	at javax.mail.internet.MimeBodyPart.writeTo(MimeBodyPart.java:1652)
	at javax.mail.internet.MimeBodyPart.writeTo(MimeBodyPart.java:961)
	at javax.mail.internet.MimeMultipart.writeTo(MimeMultipart.java:553)
	at com.sun.mail.handlers.multipart_mixed.writeTo(multipart_mixed.java:81)
	at javax.activation.ObjectDataContentHandler.writeTo(DataHandler.java:889)
	at javax.activation.DataHandler.writeTo(DataHandler.java:317)
	at javax.mail.internet.MimeBodyPart.writeTo(MimeBodyPart.java:1652)
	at javax.mail.internet.MimeMessage.writeTo(MimeMessage.java:1850)
	at com.sun.mail.smtp.SMTPTransport.sendMessage(SMTPTransport.java:1259)
	... 7 common frames omitted
2019-02-27 17:57:56 ERROR [main] n.u.n.c.t.MailTestKlass
                [MailTestKlass.java:91] Exception  occurred trying to send a mail
javax.mail.MessagingException: IOException while sending message
	at com.sun.mail.smtp.SMTPTransport.sendMessage(SMTPTransport.java:1308)
	at javax.mail.Transport.send0(Transport.java:255)
	at javax.mail.Transport.send(Transport.java:124)
	at ng.upperlink.nibss.cmms.test.MailTestKlass.sendSimpleMessage(MailTestKlass.java:161)
	at ng.upperlink.nibss.cmms.test.MailTestKlass.doSendMail(MailTestKlass.java:89)
	at ng.upperlink.nibss.cmms.test.MailTestKlass.sendAwarenessMail(MailTestKlass.java:64)
	at ng.upperlink.nibss.cmms.test.MailTestKlass.mailTestSender(MailTestKlass.java:53)
	at ng.upperlink.nibss.cmms.test.MailTestKlass.main(MailTestKlass.java:186)
Caused by: java.io.FileNotFoundException: \var\tmp\image19.png (The system cannot find the path specified)
	at java.io.FileInputStream.open0(Native Method)
	at java.io.FileInputStream.open(FileInputStream.java:195)
	at java.io.FileInputStream.<init>(FileInputStream.java:138)
	at javax.activation.FileDataSource.getInputStream(FileDataSource.java:97)
	at javax.activation.DataHandler.writeTo(DataHandler.java:305)
	at javax.mail.internet.MimeBodyPart.writeTo(MimeBodyPart.java:1652)
	at javax.mail.internet.MimeBodyPart.writeTo(MimeBodyPart.java:961)
	at javax.mail.internet.MimeMultipart.writeTo(MimeMultipart.java:553)
	at com.sun.mail.handlers.multipart_mixed.writeTo(multipart_mixed.java:81)
	at javax.activation.ObjectDataContentHandler.writeTo(DataHandler.java:889)
	at javax.activation.DataHandler.writeTo(DataHandler.java:317)
	at javax.mail.internet.MimeBodyPart.writeTo(MimeBodyPart.java:1652)
	at javax.mail.internet.MimeMessage.writeTo(MimeMessage.java:1850)
	at com.sun.mail.smtp.SMTPTransport.sendMessage(SMTPTransport.java:1259)
	... 7 common frames omitted
2019-02-27 17:58:32 ERROR [main] n.u.n.c.t.MailTestKlass
                [MailTestKlass.java:91] Exception  occurred trying to send a mail
javax.mail.MessagingException: IOException while sending message
	at com.sun.mail.smtp.SMTPTransport.sendMessage(SMTPTransport.java:1308)
	at javax.mail.Transport.send0(Transport.java:255)
	at javax.mail.Transport.send(Transport.java:124)
	at ng.upperlink.nibss.cmms.test.MailTestKlass.sendSimpleMessage(MailTestKlass.java:161)
	at ng.upperlink.nibss.cmms.test.MailTestKlass.doSendMail(MailTestKlass.java:89)
	at ng.upperlink.nibss.cmms.test.MailTestKlass.sendAwarenessMail(MailTestKlass.java:64)
	at ng.upperlink.nibss.cmms.test.MailTestKlass.mailTestSender(MailTestKlass.java:53)
	at ng.upperlink.nibss.cmms.test.MailTestKlass.main(MailTestKlass.java:186)
Caused by: java.io.FileNotFoundException: \var\tmp\image19.png (The system cannot find the path specified)
	at java.io.FileInputStream.open0(Native Method)
	at java.io.FileInputStream.open(FileInputStream.java:195)
	at java.io.FileInputStream.<init>(FileInputStream.java:138)
	at javax.activation.FileDataSource.getInputStream(FileDataSource.java:97)
	at javax.activation.DataHandler.writeTo(DataHandler.java:305)
	at javax.mail.internet.MimeBodyPart.writeTo(MimeBodyPart.java:1652)
	at javax.mail.internet.MimeBodyPart.writeTo(MimeBodyPart.java:961)
	at javax.mail.internet.MimeMultipart.writeTo(MimeMultipart.java:553)
	at com.sun.mail.handlers.multipart_mixed.writeTo(multipart_mixed.java:81)
	at javax.activation.ObjectDataContentHandler.writeTo(DataHandler.java:889)
	at javax.activation.DataHandler.writeTo(DataHandler.java:317)
	at javax.mail.internet.MimeBodyPart.writeTo(MimeBodyPart.java:1652)
	at javax.mail.internet.MimeMessage.writeTo(MimeMessage.java:1850)
	at com.sun.mail.smtp.SMTPTransport.sendMessage(SMTPTransport.java:1259)
	... 7 common frames omitted
